Build started...
1>------ Build started: Project: Exam, Configuration: Debug Any CPU ------
1>Skipping analyzers to speed up the build. You can execute 'Build' or 'Rebuild' command to run analyzers.
1>C:\MyFile\Source\Repos\Asp.NetCoreExperiment\Asp.NetCoreExperiment\GraphQL\conf2021\Exam\Program.cs(18,23,18,38): error CS0246: The type or namespace name 'ExamPaperExtend' could not be found (are you missing a using directive or an assembly reference?)
1>Done building project "Exam.csproj" -- FAILED.
========== Build: 0 succeeded, 1 failed, 0 up-to-date, 0 skipped ==========
